<?xml version="1.0" ?>
<!DOCTYPE coverage SYSTEM "http://cobertura.sourceforge.net/xml/coverage-04.dtd">
<coverage lines-valid="31" lines-covered="23" line-rate="0.7419" branches-valid="10" branches-covered="4" branch-rate="0.4" timestamp="1762735088623" complexity="0" version="0.1">
  <sources>
    <source>C:\github\comp3504\digiplay</source>
  </sources>
  <packages>
    <package name="main" line-rate="0.7419" branch-rate="0.4">
      <classes>
        <class name="average.js" filename="scripts\average.js" line-rate="0.7692" branch-rate="0.5">
          <methods>
            <method name="averageAbs" hits="1" signature="()V">
              <lines>
                <line number="2" hits="1"/>
              </lines>
            </method>
          </methods>
          <lines>
            <line number="4" hits="1" branch="false"/>
            <line number="5" hits="1" branch="true" condition-coverage="50% (1/2)"/>
            <line number="6" hits="0" branch="false"/>
            <line number="9" hits="1" branch="true" condition-coverage="50% (1/2)"/>
            <line number="10" hits="0" branch="false"/>
            <line number="13" hits="1" branch="false"/>
            <line number="14" hits="1" branch="false"/>
            <line number="15" hits="5" branch="false"/>
            <line number="16" hits="5" branch="true" condition-coverage="50% (1/2)"/>
            <line number="17" hits="0" branch="false"/>
            <line number="19" hits="5" branch="false"/>
            <line number="22" hits="1" branch="false"/>
            <line number="24" hits="1" branch="false"/>
          </lines>
        </class>
        <class name="calculator.js" filename="scripts\calculator.js" line-rate="0.909" branch-rate="0.5">
          <methods>
            <method name="(anonymous_0)" hits="2" signature="()V">
              <lines>
                <line number="1" hits="2"/>
              </lines>
            </method>
            <method name="(anonymous_1)" hits="2" signature="()V">
              <lines>
                <line number="5" hits="2"/>
              </lines>
            </method>
            <method name="(anonymous_2)" hits="2" signature="()V">
              <lines>
                <line number="9" hits="2"/>
              </lines>
            </method>
            <method name="(anonymous_3)" hits="2" signature="()V">
              <lines>
                <line number="13" hits="2"/>
              </lines>
            </method>
          </methods>
          <lines>
            <line number="1" hits="1" branch="false"/>
            <line number="2" hits="2" branch="false"/>
            <line number="5" hits="1" branch="false"/>
            <line number="6" hits="2" branch="false"/>
            <line number="9" hits="1" branch="false"/>
            <line number="10" hits="2" branch="false"/>
            <line number="13" hits="1" branch="false"/>
            <line number="14" hits="2" branch="true" condition-coverage="50% (1/2)"/>
            <line number="15" hits="0" branch="false"/>
            <line number="17" hits="2" branch="false"/>
            <line number="20" hits="1" branch="false"/>
          </lines>
        </class>
        <class name="sum.js" filename="scripts\sum.js" line-rate="0.4285" branch-rate="0">
          <methods>
            <method name="add" hits="2" signature="()V">
              <lines>
                <line number="3" hits="2"/>
              </lines>
            </method>
            <method name="sub" hits="0" signature="()V">
              <lines>
                <line number="7" hits="0"/>
              </lines>
            </method>
            <method name="multiplication" hits="2" signature="()V">
              <lines>
                <line number="11" hits="2"/>
              </lines>
            </method>
            <method name="division" hits="0" signature="()V">
              <lines>
                <line number="15" hits="0"/>
              </lines>
            </method>
          </methods>
          <lines>
            <line number="4" hits="2" branch="false"/>
            <line number="8" hits="0" branch="false"/>
            <line number="12" hits="2" branch="false"/>
            <line number="16" hits="0" branch="true" condition-coverage="0% (0/2)"/>
            <line number="17" hits="0" branch="false"/>
            <line number="19" hits="0" branch="false"/>
            <line number="22" hits="1" branch="false"/>
          </lines>
        </class>
      </classes>
    </package>
  </packages>
</coverage>
